Computed on 20190530 branch master:  shlibs.bash
Size in KB
368	.git
528	.
Computed on 20190702 branch master:
2400	.git
2480	.
Computed on 20191020 branch master:
3108	.git
3272	.
Computed on 20191020 branch master: RESET
560	.git
724	.
Computed on 20191116 branch master:
2036	.git
2136	.
Computed on 20191116 branch master: RESET
308	.git
408	.
Computed on 20191227 branch master: 
2036	.git
2268	.
Computed on 20191227 branch master: RESET 
704	.git
936	.
Computed on 20200411 branch master: shlibs.bash
527	.git
627	.
<!-- CHANGE.log EOF -->
